<?xml version="1.0" encoding="UTF-8"?>
<testsuite name="com.example.hello_selenium_java.ImdbTest" tests="1" skipped="0" failures="0" errors="0" timestamp="2021-02-04T09:03:17" hostname="ubuntu" time="27.365">
  <properties/>
  <testcase name="imdb()" classname="com.example.hello_selenium_java.ImdbTest" time="27.365"/>
  <system-out><![CDATA[]]></system-out>
  <system-err><![CDATA[1612429398573	geckodriver	INFO	Listening on 127.0.0.1:21447
1612429399158	mozrunner::runner	INFO	Running command: "/usr/lib/firefox/firefox" "--marionette" "-foreground" "-no-remote" "-profile" "/tmp/rust_mozprofiledHo5jh"
console.warn: SearchSettings: "get: No settings file exists, new profile?" (new Error("", "(unknown module)"))
1612429404118	Marionette	INFO	Listening on port 41167
1612429404238	Marionette	WARN	TLS certificate errors will be ignored for this session
Feb 04, 2021 10:03:24 AM org.openqa.selenium.remote.ProtocolHandshake createSession
INFO: Detected dialect: W3C
1612429423255	Marionette	INFO	Stopped listening on port 41167
]]></system-err>
</testsuite>
